 * Serving Flask app 'app'
 * Debug mode: off
WARNING: This is a development server. Do not use it in a production deployment. Use a production WSGI server instead.
 * Running on http://127.0.0.1:3000
Press CTRL+C to quit
[2025-11-17 13:59:31,643] ERROR in app: Exception on / [GET]
Traceback (most recent call last):
  File "C:\Users\Laith Yousef\EventsManagement\EventsManagement\venv\Lib\site-packages\sqlalchemy\engine\base.py", line 1967, in _exec_single_context
    self.dialect.do_execute(
  File "C:\Users\Laith Yousef\EventsManagement\EventsManagement\venv\Lib\site-packages\sqlalchemy\engine\default.py", line 951, in do_execute
    cursor.execute(statement, parameters)
sqlite3.OperationalError: no such column: event.location

The above exception was the direct cause of the following exception:

Traceback (most recent call last):
  File "C:\Users\Laith Yousef\EventsManagement\EventsManagement\venv\Lib\site-packages\flask\app.py", line 1511, in wsgi_app
    response = self.full_dispatch_request()
               ^^^^^^^^^^^^^^^^^^^^^^^^^^^^
  File "C:\Users\Laith Yousef\EventsManagement\EventsManagement\venv\Lib\site-packages\flask\app.py", line 919, in full_dispatch_request
    rv = self.handle_user_exception(e)
         ^^^^^^^^^^^^^^^^^^^^^^^^^^^^^
  File "C:\Users\Laith Yousef\EventsManagement\EventsManagement\venv\Lib\site-packages\flask\app.py", line 917, in full_dispatch_request
    rv = self.dispatch_request()
         ^^^^^^^^^^^^^^^^^^^^^^^
  File "C:\Users\Laith Yousef\EventsManagement\EventsManagement\venv\Lib\site-packages\flask\app.py", line 902, in dispatch_request
    return self.ensure_sync(self.view_functions[rule.endpoint])(**view_args)  # type: ignore[no-any-return]
           ^^^^^^^^^^^^^^^^^^^^^^^^^^^^^^^^^^^^^^^^^^^^^^^^^^^^^^^^^^^^^^^^^
  File "C:\Users\Laith Yousef\EventsManagement\EventsManagement\app.py", line 27, in home
    events = Event.query.all()
             ^^^^^^^^^^^^^^^^^
  File "C:\Users\Laith Yousef\EventsManagement\EventsManagement\venv\Lib\site-packages\sqlalchemy\orm\query.py", line 2704, in all
    return self._iter().all()  # type: ignore
           ^^^^^^^^^^^^
  File "C:\Users\Laith Yousef\EventsManagement\EventsManagement\venv\Lib\site-packages\sqlalchemy\orm\query.py", line 2857, in _iter
    result: Union[ScalarResult[_T], Result[_T]] = self.session.execute(
                                                  ^^^^^^^^^^^^^^^^^^^^^
  File "C:\Users\Laith Yousef\EventsManagement\EventsManagement\venv\Lib\site-packages\sqlalchemy\orm\session.py", line 2351, in execute
    return self._execute_internal(
           ^^^^^^^^^^^^^^^^^^^^^^^
  File "C:\Users\Laith Yousef\EventsManagement\EventsManagement\venv\Lib\site-packages\sqlalchemy\orm\session.py", line 2249, in _execute_internal
    result: Result[Any] = compile_state_cls.orm_execute_statement(
                          ^^^^^^^^^^^^^^^^^^^^^^^^^^^^^^^^^^^^^^^^
  File "C:\Users\Laith Yousef\EventsManagement\EventsManagement\venv\Lib\site-packages\sqlalchemy\orm\context.py", line 306, in orm_execute_statement
    result = conn.execute(
             ^^^^^^^^^^^^^
  File "C:\Users\Laith Yousef\EventsManagement\EventsManagement\venv\Lib\site-packages\sqlalchemy\engine\base.py", line 1419, in execute
    return meth(
           ^^^^^
  File "C:\Users\Laith Yousef\EventsManagement\EventsManagement\venv\Lib\site-packages\sqlalchemy\sql\elements.py", line 526, in _execute_on_connection
    return connection._execute_clauseelement(
           ^^^^^^^^^^^^^^^^^^^^^^^^^^^^^^^^^^
  File "C:\Users\Laith Yousef\EventsManagement\EventsManagement\venv\Lib\site-packages\sqlalchemy\engine\base.py", line 1641, in _execute_clauseelement
    ret = self._execute_context(
          ^^^^^^^^^^^^^^^^^^^^^^
  File "C:\Users\Laith Yousef\EventsManagement\EventsManagement\venv\Lib\site-packages\sqlalchemy\engine\base.py", line 1846, in _execute_context
    return self._exec_single_context(
           ^^^^^^^^^^^^^^^^^^^^^^^^^^
  File "C:\Users\Laith Yousef\EventsManagement\EventsManagement\venv\Lib\site-packages\sqlalchemy\engine\base.py", line 1986, in _exec_single_context
    self._handle_dbapi_exception(
  File "C:\Users\Laith Yousef\EventsManagement\EventsManagement\venv\Lib\site-packages\sqlalchemy\engine\base.py", line 2355, in _handle_dbapi_exception
    raise sqlalchemy_exception.with_traceback(exc_info[2]) from e
  File "C:\Users\Laith Yousef\EventsManagement\EventsManagement\venv\Lib\site-packages\sqlalchemy\engine\base.py", line 1967, in _exec_single_context
    self.dialect.do_execute(
  File "C:\Users\Laith Yousef\EventsManagement\EventsManagement\venv\Lib\site-packages\sqlalchemy\engine\default.py", line 951, in do_execute
    cursor.execute(statement, parameters)
sqlalchemy.exc.OperationalError: (sqlite3.OperationalError) no such column: event.location
[SQL: SELECT event.id AS event_id, event.title AS event_title, event.description AS event_description, event.location AS event_location, event.date_posted AS event_date_posted 
FROM event]
(Background on this error at: https://sqlalche.me/e/20/e3q8)
127.0.0.1 - - [17/Nov/2025 13:59:31] "GET /?id=bf6849d6-c0ea-4016-9cbc-eec9cb7ae135&vscodeBrowserReqId=1763377171635 HTTP/1.1" 500 -
